<?xml version="1.0" encoding="UTF-8"?>
<!-- Generated by org.testng.reporters.JUnitReportReporter -->
<testsuite hostname="Ankush" failures="0" tests="4" name="tests.api.TestUsers" time="14.434" errors="0" timestamp="2025-10-26T23:35:20 IST" skipped="0">
  <testcase classname="tests.api.TestUsers" name="testPostUsers" time="7.751"/>
  <testcase classname="tests.api.TestUsers" name="testGetUsersById" time="1.159"/>
  <testcase classname="tests.api.TestUsers" name="testUpdateUsers" time="2.926"/>
  <testcase classname="tests.api.TestUsers" name="testDeleteUsers" time="2.598"/>
</testsuite> <!-- tests.api.TestUsers -->
